2016/03/04 17:50:29 INFO  - jmeter.util.JMeterUtils: Setting Locale to fr_FR 
2016/03/04 17:50:29 INFO  - jmeter.util.JMeterUtils: Could not find resources for 'fr_FR', using 'fr' 
2016/03/04 17:50:29 INFO  - jmeter.JMeter: Loading user properties from: C:\tools\apache-jmeter-2.13\bin\user.properties 
2016/03/04 17:50:29 INFO  - jmeter.JMeter: Loading system properties from: C:\tools\apache-jmeter-2.13\bin\system.properties 
2016/03/04 17:50:29 INFO  - jmeter.JMeter: Copyright (c) 1998-2015 The Apache Software Foundation 
2016/03/04 17:50:29 INFO  - jmeter.JMeter: Version 2.13 r1665067 
2016/03/04 17:50:29 INFO  - jmeter.JMeter: java.version=1.8.0_31 
2016/03/04 17:50:29 INFO  - jmeter.JMeter: java.vm.name=Java HotSpot(TM) Client VM 
2016/03/04 17:50:29 INFO  - jmeter.JMeter: os.name=Windows 8.1 
2016/03/04 17:50:29 INFO  - jmeter.JMeter: os.arch=x86 
2016/03/04 17:50:29 INFO  - jmeter.JMeter: os.version=6.3 
2016/03/04 17:50:29 INFO  - jmeter.JMeter: file.encoding=Cp1252 
2016/03/04 17:50:29 INFO  - jmeter.JMeter: Default Locale=français (France) 
2016/03/04 17:50:29 INFO  - jmeter.JMeter: JMeter  Locale=français (France) 
2016/03/04 17:50:29 INFO  - jmeter.JMeter: JMeterHome=C:\tools\apache-jmeter-2.13 
2016/03/04 17:50:29 INFO  - jmeter.JMeter: user.dir  =C:\Users\chauffourm\Documents\GitHub\wassup 
2016/03/04 17:50:29 INFO  - jmeter.JMeter: PWD       =C:\Users\chauffourm\Documents\GitHub\wassup 
2016/03/04 17:50:29 INFO  - jmeter.JMeter: IP: 10.133.254.146 Name: LFRHQBU202619 FullName: LFRHQBU202619.emea.brinksgbl.com 
2016/03/04 17:50:29 INFO  - jmeter.services.FileServer: Default base='C:\Users\chauffourm\Documents\GitHub\wassup' 
2016/03/04 17:50:29 INFO  - jmeter.services.FileServer: Set new base='C:\Users\chauffourm\Documents\GitHub\wassup\.\security' 
2016/03/04 17:50:29 INFO  - jmeter.save.SaveService: Testplan (JMX) version: 2.2. Testlog (JTL) version: 2.2 
2016/03/04 17:50:29 INFO  - jmeter.save.SaveService: Using SaveService properties file encoding UTF-8 
2016/03/04 17:50:29 INFO  - jmeter.save.SaveService: Using SaveService properties file version 1656252 
2016/03/04 17:50:29 INFO  - jmeter.save.SaveService: Using SaveService properties version 2.8 
2016/03/04 17:50:29 INFO  - jmeter.save.SaveService: All converter versions present and correct 
2016/03/04 17:50:29 INFO  - jmeter.save.SaveService: Loading file: .\security\repository.jmx 
2016/03/04 17:50:29 INFO  - jmeter.protocol.http.sampler.HTTPSamplerBase: Cannot find .className property for htmlParser, using default 
2016/03/04 17:50:29 INFO  - jmeter.protocol.http.sampler.HTTPSamplerBase: Parser for text/html is  
2016/03/04 17:50:29 INFO  - jmeter.protocol.http.sampler.HTTPSamplerBase: Parser for application/xhtml+xml is  
2016/03/04 17:50:29 INFO  - jmeter.protocol.http.sampler.HTTPSamplerBase: Parser for application/xml is  
2016/03/04 17:50:29 INFO  - jmeter.protocol.http.sampler.HTTPSamplerBase: Parser for text/xml is  
2016/03/04 17:50:29 INFO  - jmeter.protocol.http.sampler.HTTPSamplerBase: Parser for text/vnd.wap.wml is org.apache.jmeter.protocol.http.parser.RegexpHTMLParser 
2016/03/04 17:50:29 INFO  - jmeter.protocol.http.control.CookieManager: Settings: Delete null: true Check: true Allow variable: true Save: false Prefix: COOKIE_ 
2016/03/04 17:50:29 INFO  - jmeter.JMeter: Creating summariser <summary> 
2016/03/04 17:50:29 INFO  - jmeter.engine.StandardJMeterEngine: Listeners will be started after enabling running version 
2016/03/04 17:50:29 INFO  - jmeter.engine.StandardJMeterEngine: To revert to the earlier behaviour, define jmeterengine.startlistenerslater=false 
2016/03/04 17:50:29 INFO  - jmeter.engine.StandardJMeterEngine: Running the test! 
2016/03/04 17:50:29 INFO  - jmeter.samplers.SampleEvent: List of sample_variables: [] 
2016/03/04 17:50:29 INFO  - jmeter.samplers.SampleEvent: List of sample_variables: [] 
2016/03/04 17:50:29 INFO  - jmeter.engine.util.CompoundVariable: Note: Function class names must contain the string: '.functions.' 
2016/03/04 17:50:29 INFO  - jmeter.engine.util.CompoundVariable: Note: Function class names must not contain the string: '.gui.' 
2016/03/04 17:50:29 INFO  - jmeter.JMeter: Lancer test (1457110229703) 
2016/03/04 17:50:29 INFO  - jmeter.engine.StandardJMeterEngine: Starting ThreadGroup: 1 : Cash Group 
2016/03/04 17:50:29 INFO  - jmeter.engine.StandardJMeterEngine: Starting 1 threads for group Cash Group. 
2016/03/04 17:50:29 INFO  - jmeter.engine.StandardJMeterEngine: Thread will continue on error 
2016/03/04 17:50:29 INFO  - jmeter.threads.ThreadGroup: Starting thread group number 1 threads 1 ramp-up 1 perThread 1000.0 delayedStart=false 
2016/03/04 17:50:29 INFO  - jmeter.threads.JMeterThread: jmeterthread.startearlier=true (see jmeter.properties) 
2016/03/04 17:50:29 INFO  - jmeter.threads.JMeterThread: Running PostProcessors in forward order 
2016/03/04 17:50:29 INFO  - jmeter.threads.ThreadGroup: Started thread group number 1 
2016/03/04 17:50:29 INFO  - jmeter.engine.StandardJMeterEngine: All thread groups have been started 
2016/03/04 17:50:29 INFO  - jmeter.threads.JMeterThread: Thread started: Cash Group 1-1 
2016/03/04 17:50:29 INFO  - jmeter.protocol.http.sampler.HTTPHCAbstractImpl: Local host = LFRHQBU202619 
2016/03/04 17:50:29 INFO  - jmeter.protocol.http.sampler.HTTPHC4Impl: HTTP request retry count = 0 
2016/03/04 17:50:29 INFO  - jmeter.protocol.http.sampler.HTTPHC4Impl: Setting up HTTPS TrustAll scheme 
2016/03/04 17:50:29 INFO  - jmeter.util.JsseSSLManager: Using default SSL protocol: TLS 
2016/03/04 17:50:29 INFO  - jmeter.util.JsseSSLManager: SSL session context: per-thread 
2016/03/04 17:50:30 INFO  - jmeter.samplers.SampleResult: Note: Sample TimeStamps are START times 
2016/03/04 17:50:30 INFO  - jmeter.samplers.SampleResult: sampleresult.default.encoding is set to ISO-8859-1 
2016/03/04 17:50:30 INFO  - jmeter.samplers.SampleResult: sampleresult.useNanoTime=true 
2016/03/04 17:50:30 INFO  - jmeter.samplers.SampleResult: sampleresult.nanoThreadSleep=5000 
2016/03/04 17:50:30 INFO  - jmeter.reporters.Summariser: summary +      1 in     1s =    1,9/s Avg:   105 Min:   105 Max:   105 Err:     0 (0,00%) Active: 1 Started: 1 Finished: 0 
2016/03/04 17:50:48 INFO  - jmeter.threads.JMeterThread: Thread is done: Cash Group 1-1 
2016/03/04 17:50:48 INFO  - jmeter.threads.JMeterThread: Thread finished: Cash Group 1-1 
2016/03/04 17:50:48 INFO  - jmeter.engine.StandardJMeterEngine: Notifying test listeners of end of test 
2016/03/04 17:50:48 INFO  - jmeter.reporters.Summariser: summary +     27 in  18,2s =    1,5/s Avg:   671 Min:     3 Max:  6812 Err:     0 (0,00%) Active: 0 Started: 1 Finished: 1 
2016/03/04 17:50:48 INFO  - jmeter.reporters.Summariser: summary =     28 in    19s =    1,5/s Avg:   651 Min:     3 Max:  6812 Err:     0 (0,00%) 
